{"D:\\work\\interview-pt-vesperia-global-merdeka\\frontend\\src\\App.jsx": {"path":"D:\\work\\interview-pt-vesperia-global-merdeka\\frontend\\src\\App.jsx","statementMap":{"0":{"start":{"line":9,"column":40},"end":{"line":9,"column":60}},"1":{"start":{"line":11,"column":28},"end":{"line":20,"column":3}},"2":{"start":{"line":12,"column":4},"end":{"line":19,"column":5}},"3":{"start":{"line":14,"column":8},"end":{"line":14,"column":28}},"4":{"start":{"line":16,"column":8},"end":{"line":16,"column":38}},"5":{"start":{"line":18,"column":8},"end":{"line":18,"column":28}},"6":{"start":{"line":22,"column":2},"end":{"line":27,"column":4}}},"fnMap":{"0":{"name":"App","decl":{"start":{"line":8,"column":9},"end":{"line":8,"column":12}},"loc":{"start":{"line":8,"column":15},"end":{"line":28,"column":1}},"line":8},"1":{"name":"(anonymous_1)","decl":{"start":{"line":11,"column":28},"end":{"line":11,"column":29}},"loc":{"start":{"line":11,"column":34},"end":{"line":20,"column":3}},"line":11}},"branchMap":{"0":{"loc":{"start":{"line":12,"column":4},"end":{"line":19,"column":5}},"type":"switch","locations":[{"start":{"line":13,"column":6},"end":{"line":14,"column":28}},{"start":{"line":15,"column":6},"end":{"line":16,"column":38}},{"start":{"line":17,"column":6},"end":{"line":18,"column":28}}],"line":12}},"s":{"0":0,"1":0,"2":0,"3":0,"4":0,"5":0,"6":0},"f":{"0":0,"1":0},"b":{"0":[0,0,0]}}
,"D:\\work\\interview-pt-vesperia-global-merdeka\\frontend\\src\\main.jsx": {"path":"D:\\work\\interview-pt-vesperia-global-merdeka\\frontend\\src\\main.jsx","statementMap":{"0":{"start":{"line":5,"column":0},"end":{"line":9,"column":1}}},"fnMap":{},"branchMap":{},"s":{"0":0},"f":{},"b":{}}
,"D:\\work\\interview-pt-vesperia-global-merdeka\\frontend\\src\\domain\\entities\\FormField.jsx": {"path":"D:\\work\\interview-pt-vesperia-global-merdeka\\frontend\\src\\domain\\entities\\FormField.jsx","statementMap":{"0":{"start":{"line":11,"column":4},"end":{"line":11,"column":17}},"1":{"start":{"line":12,"column":4},"end":{"line":12,"column":23}},"2":{"start":{"line":13,"column":4},"end":{"line":13,"column":21}},"3":{"start":{"line":14,"column":4},"end":{"line":14,"column":27}},"4":{"start":{"line":15,"column":4},"end":{"line":15,"column":35}},"5":{"start":{"line":16,"column":4},"end":{"line":16,"column":27}},"6":{"start":{"line":17,"column":4},"end":{"line":17,"column":25}},"7":{"start":{"line":21,"column":4},"end":{"line":29,"column":6}},"8":{"start":{"line":35,"column":4},"end":{"line":35,"column":17}},"9":{"start":{"line":36,"column":4},"end":{"line":36,"column":21}},"10":{"start":{"line":37,"column":4},"end":{"line":37,"column":25}},"11":{"start":{"line":41,"column":19},"end":{"line":41,"column":78}},"12":{"start":{"line":41,"column":50},"end":{"line":41,"column":77}},"13":{"start":{"line":42,"column":4},"end":{"line":42,"column":52}}},"fnMap":{"0":{"name":"(anonymous_0)","decl":{"start":{"line":2,"column":2},"end":{"line":2,"column":3}},"loc":{"start":{"line":10,"column":4},"end":{"line":18,"column":3}},"line":10},"1":{"name":"(anonymous_1)","decl":{"start":{"line":20,"column":2},"end":{"line":20,"column":3}},"loc":{"start":{"line":20,"column":24},"end":{"line":30,"column":3}},"line":20},"2":{"name":"(anonymous_2)","decl":{"start":{"line":34,"column":2},"end":{"line":34,"column":3}},"loc":{"start":{"line":34,"column":37},"end":{"line":38,"column":3}},"line":34},"3":{"name":"(anonymous_3)","decl":{"start":{"line":40,"column":2},"end":{"line":40,"column":3}},"loc":{"start":{"line":40,"column":24},"end":{"line":43,"column":3}},"line":40},"4":{"name":"(anonymous_4)","decl":{"start":{"line":41,"column":37},"end":{"line":41,"column":38}},"loc":{"start":{"line":41,"column":50},"end":{"line":41,"column":77}},"line":41}},"branchMap":{"0":{"loc":{"start":{"line":8,"column":4},"end":{"line":8,"column":16}},"type":"default-arg","locations":[{"start":{"line":8,"column":14},"end":{"line":8,"column":16}}],"line":8},"1":{"loc":{"start":{"line":9,"column":4},"end":{"line":9,"column":17}},"type":"default-arg","locations":[{"start":{"line":9,"column":13},"end":{"line":9,"column":17}}],"line":9},"2":{"loc":{"start":{"line":25,"column":6},"end":{"line":25,"column":27}},"type":"binary-expr","locations":[{"start":{"line":25,"column":6},"end":{"line":25,"column":19}},{"start":{"line":25,"column":23},"end":{"line":25,"column":27}}],"line":25},"3":{"loc":{"start":{"line":27,"column":6},"end":{"line":27,"column":24}},"type":"binary-expr","locations":[{"start":{"line":27,"column":6},"end":{"line":27,"column":18}},{"start":{"line":27,"column":22},"end":{"line":27,"column":24}}],"line":27},"4":{"loc":{"start":{"line":34,"column":24},"end":{"line":34,"column":35}},"type":"default-arg","locations":[{"start":{"line":34,"column":33},"end":{"line":34,"column":35}}],"line":34}},"s":{"0":0,"1":0,"2":0,"3":0,"4":0,"5":0,"6":0,"7":0,"8":0,"9":0,"10":0,"11":0,"12":0,"13":0},"f":{"0":0,"1":0,"2":0,"3":0,"4":0},"b":{"0":[0],"1":[0],"2":[0,0],"3":[0,0],"4":[0]}}
,"D:\\work\\interview-pt-vesperia-global-merdeka\\frontend\\src\\domain\\repositories\\FormRepository.jsx": {"path":"D:\\work\\interview-pt-vesperia-global-merdeka\\frontend\\src\\domain\\repositories\\FormRepository.jsx","statementMap":{"0":{"start":{"line":3,"column":4},"end":{"line":3,"column":65}},"1":{"start":{"line":7,"column":4},"end":{"line":7,"column":65}}},"fnMap":{"0":{"name":"(anonymous_0)","decl":{"start":{"line":2,"column":2},"end":{"line":2,"column":3}},"loc":{"start":{"line":2,"column":30},"end":{"line":4,"column":3}},"line":2},"1":{"name":"(anonymous_1)","decl":{"start":{"line":6,"column":2},"end":{"line":6,"column":3}},"loc":{"start":{"line":6,"column":31},"end":{"line":8,"column":3}},"line":6}},"branchMap":{},"s":{"0":0,"1":0},"f":{"0":0,"1":0},"b":{}}
,"D:\\work\\interview-pt-vesperia-global-merdeka\\frontend\\src\\infrastructure\\api\\FormApi.jsx": {"path":"D:\\work\\interview-pt-vesperia-global-merdeka\\frontend\\src\\infrastructure\\api\\FormApi.jsx","statementMap":{"0":{"start":{"line":3,"column":4},"end":{"line":100,"column":6}},"1":{"start":{"line":102,"column":4},"end":{"line":197,"column":6}},"2":{"start":{"line":201,"column":4},"end":{"line":209,"column":7}},"3":{"start":{"line":202,"column":6},"end":{"line":208,"column":14}},"4":{"start":{"line":203,"column":8},"end":{"line":207,"column":9}},"5":{"start":{"line":204,"column":10},"end":{"line":204,"column":33}},"6":{"start":{"line":206,"column":10},"end":{"line":206,"column":47}},"7":{"start":{"line":213,"column":4},"end":{"line":217,"column":7}},"8":{"start":{"line":214,"column":6},"end":{"line":216,"column":15}},"9":{"start":{"line":215,"column":8},"end":{"line":215,"column":77}}},"fnMap":{"0":{"name":"(anonymous_0)","decl":{"start":{"line":2,"column":2},"end":{"line":2,"column":3}},"loc":{"start":{"line":2,"column":16},"end":{"line":198,"column":3}},"line":2},"1":{"name":"(anonymous_1)","decl":{"start":{"line":200,"column":2},"end":{"line":200,"column":3}},"loc":{"start":{"line":200,"column":45},"end":{"line":210,"column":3}},"line":200},"2":{"name":"(anonymous_2)","decl":{"start":{"line":201,"column":23},"end":{"line":201,"column":24}},"loc":{"start":{"line":201,"column":36},"end":{"line":209,"column":5}},"line":201},"3":{"name":"(anonymous_3)","decl":{"start":{"line":202,"column":17},"end":{"line":202,"column":18}},"loc":{"start":{"line":202,"column":23},"end":{"line":208,"column":7}},"line":202},"4":{"name":"(anonymous_4)","decl":{"start":{"line":212,"column":2},"end":{"line":212,"column":3}},"loc":{"start":{"line":212,"column":33},"end":{"line":218,"column":3}},"line":212},"5":{"name":"(anonymous_5)","decl":{"start":{"line":213,"column":23},"end":{"line":213,"column":24}},"loc":{"start":{"line":213,"column":36},"end":{"line":217,"column":5}},"line":213},"6":{"name":"(anonymous_6)","decl":{"start":{"line":214,"column":17},"end":{"line":214,"column":18}},"loc":{"start":{"line":214,"column":23},"end":{"line":216,"column":7}},"line":214}},"branchMap":{"0":{"loc":{"start":{"line":200,"column":22},"end":{"line":200,"column":43}},"type":"default-arg","locations":[{"start":{"line":200,"column":33},"end":{"line":200,"column":43}}],"line":200},"1":{"loc":{"start":{"line":203,"column":8},"end":{"line":207,"column":9}},"type":"if","locations":[{"start":{"line":203,"column":8},"end":{"line":207,"column":9}},{"start":{"line":205,"column":15},"end":{"line":207,"column":9}}],"line":203}},"s":{"0":0,"1":0,"2":0,"3":0,"4":0,"5":0,"6":0,"7":0,"8":0,"9":0},"f":{"0":0,"1":0,"2":0,"3":0,"4":0,"5":0,"6":0},"b":{"0":[0],"1":[0,0]}}
,"D:\\work\\interview-pt-vesperia-global-merdeka\\frontend\\src\\infrastructure\\repositories\\FormRepositoryImpl.jsx": {"path":"D:\\work\\interview-pt-vesperia-global-merdeka\\frontend\\src\\infrastructure\\repositories\\FormRepositoryImpl.jsx","statementMap":{"0":{"start":{"line":7,"column":4},"end":{"line":7,"column":12}},"1":{"start":{"line":8,"column":4},"end":{"line":8,"column":29}},"2":{"start":{"line":12,"column":4},"end":{"line":17,"column":5}},"3":{"start":{"line":13,"column":22},"end":{"line":13,"column":60}},"4":{"start":{"line":14,"column":6},"end":{"line":14,"column":40}},"5":{"start":{"line":16,"column":6},"end":{"line":16,"column":69}},"6":{"start":{"line":21,"column":4},"end":{"line":25,"column":5}},"7":{"start":{"line":22,"column":21},"end":{"line":22,"column":60}},"8":{"start":{"line":24,"column":6},"end":{"line":24,"column":68}}},"fnMap":{"0":{"name":"(anonymous_0)","decl":{"start":{"line":6,"column":2},"end":{"line":6,"column":3}},"loc":{"start":{"line":6,"column":16},"end":{"line":9,"column":3}},"line":6},"1":{"name":"(anonymous_1)","decl":{"start":{"line":11,"column":2},"end":{"line":11,"column":3}},"loc":{"start":{"line":11,"column":43},"end":{"line":18,"column":3}},"line":11},"2":{"name":"(anonymous_2)","decl":{"start":{"line":20,"column":2},"end":{"line":20,"column":3}},"loc":{"start":{"line":20,"column":31},"end":{"line":26,"column":3}},"line":20}},"branchMap":{"0":{"loc":{"start":{"line":11,"column":20},"end":{"line":11,"column":41}},"type":"default-arg","locations":[{"start":{"line":11,"column":31},"end":{"line":11,"column":41}}],"line":11}},"s":{"0":0,"1":0,"2":0,"3":0,"4":0,"5":0,"6":0,"7":0,"8":0},"f":{"0":0,"1":0,"2":0},"b":{"0":[0]}}
,"D:\\work\\interview-pt-vesperia-global-merdeka\\frontend\\src\\presentation\\components\\FormInput.jsx": {"path":"D:\\work\\interview-pt-vesperia-global-merdeka\\frontend\\src\\presentation\\components\\FormInput.jsx","statementMap":{"0":{"start":{"line":3,"column":18},"end":{"line":156,"column":1}},"1":{"start":{"line":5,"column":28},"end":{"line":7,"column":3}},"2":{"start":{"line":6,"column":4},"end":{"line":6,"column":63}},"3":{"start":{"line":9,"column":31},"end":{"line":22,"column":3}},"4":{"start":{"line":10,"column":25},"end":{"line":10,"column":36}},"5":{"start":{"line":11,"column":22},"end":{"line":11,"column":71}},"6":{"start":{"line":11,"column":50},"end":{"line":11,"column":70}},"7":{"start":{"line":13,"column":4},"end":{"line":21,"column":5}},"8":{"start":{"line":15,"column":23},"end":{"line":15,"column":74}},"9":{"start":{"line":15,"column":53},"end":{"line":15,"column":73}},"10":{"start":{"line":16,"column":6},"end":{"line":16,"column":35}},"11":{"start":{"line":19,"column":23},"end":{"line":19,"column":78}},"12":{"start":{"line":20,"column":6},"end":{"line":20,"column":35}},"13":{"start":{"line":24,"column":27},"end":{"line":26,"column":3}},"14":{"start":{"line":25,"column":4},"end":{"line":25,"column":39}},"15":{"start":{"line":28,"column":25},"end":{"line":33,"column":3}},"16":{"start":{"line":29,"column":4},"end":{"line":29,"column":26}},"17":{"start":{"line":29,"column":16},"end":{"line":29,"column":26}},"18":{"start":{"line":31,"column":25},"end":{"line":31,"column":52}},"19":{"start":{"line":32,"column":4},"end":{"line":32,"column":63}},"20":{"start":{"line":35,"column":29},"end":{"line":38,"column":3}},"21":{"start":{"line":36,"column":21},"end":{"line":36,"column":57}},"22":{"start":{"line":37,"column":4},"end":{"line":37,"column":33}},"23":{"start":{"line":40,"column":25},"end":{"line":63,"column":3}},"24":{"start":{"line":41,"column":4},"end":{"line":62,"column":10}},"25":{"start":{"line":48,"column":14},"end":{"line":48,"column":66}},"26":{"start":{"line":48,"column":44},"end":{"line":48,"column":65}},"27":{"start":{"line":49,"column":12},"end":{"line":59,"column":14}},"28":{"start":{"line":55,"column":34},"end":{"line":55,"column":79}},"29":{"start":{"line":65,"column":28},"end":{"line":85,"column":3}},"30":{"start":{"line":66,"column":4},"end":{"line":84,"column":10}},"31":{"start":{"line":72,"column":12},"end":{"line":81,"column":18}},"32":{"start":{"line":78,"column":32},"end":{"line":78,"column":74}},"33":{"start":{"line":87,"column":26},"end":{"line":122,"column":3}},"34":{"start":{"line":88,"column":20},"end":{"line":88,"column":26}},"35":{"start":{"line":89,"column":21},"end":{"line":89,"column":32}},"36":{"start":{"line":90,"column":26},"end":{"line":90,"column":42}},"37":{"start":{"line":92,"column":4},"end":{"line":97,"column":5}},"38":{"start":{"line":93,"column":6},"end":{"line":93,"column":25}},"39":{"start":{"line":94,"column":11},"end":{"line":97,"column":5}},"40":{"start":{"line":95,"column":6},"end":{"line":95,"column":47}},"41":{"start":{"line":96,"column":6},"end":{"line":96,"column":43}},"42":{"start":{"line":99,"column":4},"end":{"line":121,"column":6}},"43":{"start":{"line":124,"column":25},"end":{"line":138,"column":3}},"44":{"start":{"line":125,"column":4},"end":{"line":137,"column":10}},"45":{"start":{"line":140,"column":2},"end":{"line":155,"column":3}},"46":{"start":{"line":142,"column":6},"end":{"line":142,"column":30}},"47":{"start":{"line":144,"column":6},"end":{"line":144,"column":33}},"48":{"start":{"line":146,"column":6},"end":{"line":146,"column":31}},"49":{"start":{"line":148,"column":6},"end":{"line":148,"column":30}},"50":{"start":{"line":150,"column":6},"end":{"line":154,"column":8}}},"fnMap":{"0":{"name":"(anonymous_0)","decl":{"start":{"line":3,"column":18},"end":{"line":3,"column":19}},"loc":{"start":{"line":3,"column":50},"end":{"line":156,"column":1}},"line":3},"1":{"name":"(anonymous_1)","decl":{"start":{"line":5,"column":28},"end":{"line":5,"column":29}},"loc":{"start":{"line":5,"column":55},"end":{"line":7,"column":3}},"line":5},"2":{"name":"(anonymous_2)","decl":{"start":{"line":9,"column":31},"end":{"line":9,"column":32}},"loc":{"start":{"line":9,"column":58},"end":{"line":22,"column":3}},"line":9},"3":{"name":"(anonymous_3)","decl":{"start":{"line":11,"column":40},"end":{"line":11,"column":41}},"loc":{"start":{"line":11,"column":50},"end":{"line":11,"column":70}},"line":11},"4":{"name":"(anonymous_4)","decl":{"start":{"line":15,"column":43},"end":{"line":15,"column":44}},"loc":{"start":{"line":15,"column":53},"end":{"line":15,"column":73}},"line":15},"5":{"name":"(anonymous_5)","decl":{"start":{"line":24,"column":27},"end":{"line":24,"column":28}},"loc":{"start":{"line":24,"column":34},"end":{"line":26,"column":3}},"line":24},"6":{"name":"(anonymous_6)","decl":{"start":{"line":28,"column":25},"end":{"line":28,"column":26}},"loc":{"start":{"line":28,"column":36},"end":{"line":33,"column":3}},"line":28},"7":{"name":"(anonymous_7)","decl":{"start":{"line":35,"column":29},"end":{"line":35,"column":30}},"loc":{"start":{"line":35,"column":36},"end":{"line":38,"column":3}},"line":35},"8":{"name":"(anonymous_8)","decl":{"start":{"line":40,"column":25},"end":{"line":40,"column":26}},"loc":{"start":{"line":41,"column":4},"end":{"line":62,"column":10}},"line":41},"9":{"name":"(anonymous_9)","decl":{"start":{"line":46,"column":28},"end":{"line":46,"column":29}},"loc":{"start":{"line":46,"column":40},"end":{"line":60,"column":11}},"line":46},"10":{"name":"(anonymous_10)","decl":{"start":{"line":48,"column":34},"end":{"line":48,"column":35}},"loc":{"start":{"line":48,"column":44},"end":{"line":48,"column":65}},"line":48},"11":{"name":"(anonymous_11)","decl":{"start":{"line":55,"column":28},"end":{"line":55,"column":29}},"loc":{"start":{"line":55,"column":34},"end":{"line":55,"column":79}},"line":55},"12":{"name":"(anonymous_12)","decl":{"start":{"line":65,"column":28},"end":{"line":65,"column":29}},"loc":{"start":{"line":66,"column":4},"end":{"line":84,"column":10}},"line":66},"13":{"name":"(anonymous_13)","decl":{"start":{"line":71,"column":28},"end":{"line":71,"column":29}},"loc":{"start":{"line":72,"column":12},"end":{"line":81,"column":18}},"line":72},"14":{"name":"(anonymous_14)","decl":{"start":{"line":78,"column":26},"end":{"line":78,"column":27}},"loc":{"start":{"line":78,"column":32},"end":{"line":78,"column":74}},"line":78},"15":{"name":"(anonymous_15)","decl":{"start":{"line":87,"column":26},"end":{"line":87,"column":27}},"loc":{"start":{"line":87,"column":32},"end":{"line":122,"column":3}},"line":87},"16":{"name":"(anonymous_16)","decl":{"start":{"line":124,"column":25},"end":{"line":124,"column":26}},"loc":{"start":{"line":125,"column":4},"end":{"line":137,"column":10}},"line":125}},"branchMap":{"0":{"loc":{"start":{"line":10,"column":25},"end":{"line":10,"column":36}},"type":"binary-expr","locations":[{"start":{"line":10,"column":25},"end":{"line":10,"column":30}},{"start":{"line":10,"column":34},"end":{"line":10,"column":36}}],"line":10},"1":{"loc":{"start":{"line":13,"column":4},"end":{"line":21,"column":5}},"type":"if","locations":[{"start":{"line":13,"column":4},"end":{"line":21,"column":5}},{"start":{"line":17,"column":11},"end":{"line":21,"column":5}}],"line":13},"2":{"loc":{"start":{"line":29,"column":4},"end":{"line":29,"column":26}},"type":"if","locations":[{"start":{"line":29,"column":4},"end":{"line":29,"column":26}},{"start":{},"end":{}}],"line":29},"3":{"loc":{"start":{"line":45,"column":9},"end":{"line":60,"column":12}},"type":"binary-expr","locations":[{"start":{"line":45,"column":9},"end":{"line":45,"column":22}},{"start":{"line":46,"column":10},"end":{"line":60,"column":12}}],"line":45},"4":{"loc":{"start":{"line":48,"column":14},"end":{"line":48,"column":66}},"type":"binary-expr","locations":[{"start":{"line":48,"column":14},"end":{"line":48,"column":19}},{"start":{"line":48,"column":23},"end":{"line":48,"column":66}}],"line":48},"5":{"loc":{"start":{"line":70,"column":9},"end":{"line":82,"column":12}},"type":"binary-expr","locations":[{"start":{"line":70,"column":9},"end":{"line":70,"column":22}},{"start":{"line":71,"column":10},"end":{"line":82,"column":12}}],"line":70},"6":{"loc":{"start":{"line":77,"column":25},"end":{"line":77,"column":79}},"type":"binary-expr","locations":[{"start":{"line":77,"column":25},"end":{"line":77,"column":30}},{"start":{"line":77,"column":34},"end":{"line":77,"column":50}},{"start":{"line":77,"column":54},"end":{"line":77,"column":79}}],"line":77},"7":{"loc":{"start":{"line":89,"column":21},"end":{"line":89,"column":32}},"type":"binary-expr","locations":[{"start":{"line":89,"column":21},"end":{"line":89,"column":26}},{"start":{"line":89,"column":30},"end":{"line":89,"column":32}}],"line":89},"8":{"loc":{"start":{"line":92,"column":4},"end":{"line":97,"column":5}},"type":"if","locations":[{"start":{"line":92,"column":4},"end":{"line":97,"column":5}},{"start":{"line":94,"column":11},"end":{"line":97,"column":5}}],"line":92},"9":{"loc":{"start":{"line":94,"column":11},"end":{"line":97,"column":5}},"type":"if","locations":[{"start":{"line":94,"column":11},"end":{"line":97,"column":5}},{"start":{},"end":{}}],"line":94},"10":{"loc":{"start":{"line":95,"column":34},"end":{"line":95,"column":45}},"type":"binary-expr","locations":[{"start":{"line":95,"column":34},"end":{"line":95,"column":39}},{"start":{"line":95,"column":43},"end":{"line":95,"column":45}}],"line":95},"11":{"loc":{"start":{"line":112,"column":12},"end":{"line":112,"column":77}},"type":"cond-expr","locations":[{"start":{"line":112,"column":41},"end":{"line":112,"column":72}},{"start":{"line":112,"column":75},"end":{"line":112,"column":77}}],"line":112},"12":{"loc":{"start":{"line":115,"column":9},"end":{"line":119,"column":9}},"type":"binary-expr","locations":[{"start":{"line":115,"column":9},"end":{"line":115,"column":35}},{"start":{"line":116,"column":10},"end":{"line":118,"column":18}}],"line":115},"13":{"loc":{"start":{"line":117,"column":36},"end":{"line":117,"column":48}},"type":"binary-expr","locations":[{"start":{"line":117,"column":36},"end":{"line":117,"column":41}},{"start":{"line":117,"column":45},"end":{"line":117,"column":48}}],"line":117},"14":{"loc":{"start":{"line":134,"column":15},"end":{"line":134,"column":26}},"type":"binary-expr","locations":[{"start":{"line":134,"column":15},"end":{"line":134,"column":20}},{"start":{"line":134,"column":24},"end":{"line":134,"column":26}}],"line":134},"15":{"loc":{"start":{"line":140,"column":2},"end":{"line":155,"column":3}},"type":"switch","locations":[{"start":{"line":141,"column":4},"end":{"line":142,"column":30}},{"start":{"line":143,"column":4},"end":{"line":144,"column":33}},{"start":{"line":145,"column":4},"end":{"line":146,"column":31}},{"start":{"line":147,"column":4},"end":{"line":148,"column":30}},{"start":{"line":149,"column":4},"end":{"line":154,"column":8}}],"line":140}},"s":{"0":1,"1":11,"2":1,"3":11,"4":2,"5":2,"6":1,"7":2,"8":0,"9":0,"10":0,"11":2,"12":2,"13":11,"14":1,"15":11,"16":4,"17":1,"18":3,"19":3,"20":11,"21":1,"22":1,"23":11,"24":3,"25":9,"26":3,"27":9,"28":2,"29":11,"30":2,"31":4,"32":1,"33":11,"34":5,"35":5,"36":5,"37":5,"38":1,"39":4,"40":2,"41":2,"42":5,"43":11,"44":1,"45":11,"46":3,"47":2,"48":5,"49":1,"50":0},"f":{"0":11,"1":1,"2":2,"3":1,"4":0,"5":1,"6":4,"7":1,"8":3,"9":9,"10":3,"11":2,"12":2,"13":4,"14":1,"15":5,"16":1},"b":{"0":[2,0],"1":[0,2],"2":[1,3],"3":[3,3],"4":[9,9],"5":[2,2],"6":[4,4,0],"7":[5,3],"8":[1,4],"9":[2,2],"10":[2,1],"11":[2,3],"12":[5,2],"13":[2,1],"14":[1,1],"15":[3,2,5,1,0]},"_coverageSchema":"1a1c01bbd47fc00a2c39e90264f33305004495a9","hash":"fb1b168b4786ad9e77653da236663255d3a6d8cf"}
,"D:\\work\\interview-pt-vesperia-global-merdeka\\frontend\\src\\presentation\\components\\Navigation.jsx": {"path":"D:\\work\\interview-pt-vesperia-global-merdeka\\frontend\\src\\presentation\\components\\Navigation.jsx","statementMap":{"0":{"start":{"line":4,"column":19},"end":{"line":34,"column":1}},"1":{"start":{"line":5,"column":16},"end":{"line":12,"column":3}},"2":{"start":{"line":14,"column":2},"end":{"line":33,"column":4}},"3":{"start":{"line":20,"column":12},"end":{"line":28,"column":21}},"4":{"start":{"line":25,"column":29},"end":{"line":25,"column":50}}},"fnMap":{"0":{"name":"(anonymous_0)","decl":{"start":{"line":4,"column":19},"end":{"line":4,"column":20}},"loc":{"start":{"line":4,"column":54},"end":{"line":34,"column":1}},"line":4},"1":{"name":"(anonymous_1)","decl":{"start":{"line":19,"column":21},"end":{"line":19,"column":22}},"loc":{"start":{"line":20,"column":12},"end":{"line":28,"column":21}},"line":20},"2":{"name":"(anonymous_2)","decl":{"start":{"line":25,"column":23},"end":{"line":25,"column":24}},"loc":{"start":{"line":25,"column":29},"end":{"line":25,"column":50}},"line":25}},"branchMap":{"0":{"loc":{"start":{"line":23,"column":16},"end":{"line":23,"column":55}},"type":"cond-expr","locations":[{"start":{"line":23,"column":42},"end":{"line":23,"column":50}},{"start":{"line":23,"column":53},"end":{"line":23,"column":55}}],"line":23}},"s":{"0":1,"1":3,"2":3,"3":6,"4":1},"f":{"0":3,"1":6,"2":1},"b":{"0":[3,3]},"_coverageSchema":"1a1c01bbd47fc00a2c39e90264f33305004495a9","hash":"f9130ad1ac9269b922fb66ea444edc9f4af6c5e3"}
,"D:\\work\\interview-pt-vesperia-global-merdeka\\frontend\\src\\presentation\\hooks\\useForm.jsx": {"path":"D:\\work\\interview-pt-vesperia-global-merdeka\\frontend\\src\\presentation\\hooks\\useForm.jsx","statementMap":{"0":{"start":{"line":5,"column":23},"end":{"line":73,"column":1}},"1":{"start":{"line":6,"column":34},"end":{"line":6,"column":48}},"2":{"start":{"line":7,"column":38},"end":{"line":7,"column":50}},"3":{"start":{"line":8,"column":32},"end":{"line":8,"column":46}},"4":{"start":{"line":9,"column":38},"end":{"line":9,"column":53}},"5":{"start":{"line":10,"column":28},"end":{"line":10,"column":42}},"6":{"start":{"line":12,"column":21},"end":{"line":12,"column":45}},"7":{"start":{"line":14,"column":2},"end":{"line":16,"column":17}},"8":{"start":{"line":15,"column":4},"end":{"line":15,"column":19}},"9":{"start":{"line":18,"column":23},"end":{"line":38,"column":3}},"10":{"start":{"line":19,"column":4},"end":{"line":37,"column":5}},"11":{"start":{"line":20,"column":6},"end":{"line":20,"column":23}},"12":{"start":{"line":21,"column":19},"end":{"line":21,"column":57}},"13":{"start":{"line":22,"column":6},"end":{"line":22,"column":24}},"14":{"start":{"line":24,"column":28},"end":{"line":24,"column":30}},"15":{"start":{"line":25,"column":6},"end":{"line":31,"column":9}},"16":{"start":{"line":26,"column":8},"end":{"line":30,"column":9}},"17":{"start":{"line":27,"column":10},"end":{"line":27,"column":39}},"18":{"start":{"line":29,"column":10},"end":{"line":29,"column":39}},"19":{"start":{"line":32,"column":6},"end":{"line":32,"column":35}},"20":{"start":{"line":34,"column":6},"end":{"line":34,"column":28}},"21":{"start":{"line":36,"column":6},"end":{"line":36,"column":24}},"22":{"start":{"line":40,"column":22},"end":{"line":45,"column":3}},"23":{"start":{"line":41,"column":4},"end":{"line":44,"column":8}},"24":{"start":{"line":41,"column":29},"end":{"line":44,"column":5}},"25":{"start":{"line":47,"column":21},"end":{"line":62,"column":3}},"26":{"start":{"line":48,"column":4},"end":{"line":61,"column":5}},"27":{"start":{"line":49,"column":6},"end":{"line":49,"column":26}},"28":{"start":{"line":50,"column":21},"end":{"line":53,"column":8}},"29":{"start":{"line":54,"column":6},"end":{"line":54,"column":28}},"30":{"start":{"line":55,"column":6},"end":{"line":55,"column":20}},"31":{"start":{"line":57,"column":6},"end":{"line":57,"column":28}},"32":{"start":{"line":58,"column":6},"end":{"line":58,"column":37}},"33":{"start":{"line":60,"column":6},"end":{"line":60,"column":27}},"34":{"start":{"line":64,"column":2},"end":{"line":72,"column":4}}},"fnMap":{"0":{"name":"(anonymous_0)","decl":{"start":{"line":5,"column":23},"end":{"line":5,"column":24}},"loc":{"start":{"line":5,"column":50},"end":{"line":73,"column":1}},"line":5},"1":{"name":"(anonymous_1)","decl":{"start":{"line":14,"column":12},"end":{"line":14,"column":13}},"loc":{"start":{"line":14,"column":18},"end":{"line":16,"column":3}},"line":14},"2":{"name":"(anonymous_2)","decl":{"start":{"line":18,"column":23},"end":{"line":18,"column":24}},"loc":{"start":{"line":18,"column":35},"end":{"line":38,"column":3}},"line":18},"3":{"name":"(anonymous_3)","decl":{"start":{"line":25,"column":26},"end":{"line":25,"column":27}},"loc":{"start":{"line":25,"column":37},"end":{"line":31,"column":7}},"line":25},"4":{"name":"(anonymous_4)","decl":{"start":{"line":40,"column":22},"end":{"line":40,"column":23}},"loc":{"start":{"line":40,"column":42},"end":{"line":45,"column":3}},"line":40},"5":{"name":"(anonymous_5)","decl":{"start":{"line":41,"column":18},"end":{"line":41,"column":19}},"loc":{"start":{"line":41,"column":29},"end":{"line":44,"column":5}},"line":41},"6":{"name":"(anonymous_6)","decl":{"start":{"line":47,"column":21},"end":{"line":47,"column":22}},"loc":{"start":{"line":47,"column":33},"end":{"line":62,"column":3}},"line":47}},"branchMap":{"0":{"loc":{"start":{"line":5,"column":24},"end":{"line":5,"column":45}},"type":"default-arg","locations":[{"start":{"line":5,"column":35},"end":{"line":5,"column":45}}],"line":5},"1":{"loc":{"start":{"line":26,"column":8},"end":{"line":30,"column":9}},"type":"if","locations":[{"start":{"line":26,"column":8},"end":{"line":30,"column":9}},{"start":{"line":28,"column":15},"end":{"line":30,"column":9}}],"line":26}},"s":{"0":0,"1":0,"2":0,"3":0,"4":0,"5":0,"6":0,"7":0,"8":0,"9":0,"10":0,"11":0,"12":0,"13":0,"14":0,"15":0,"16":0,"17":0,"18":0,"19":0,"20":0,"21":0,"22":0,"23":0,"24":0,"25":0,"26":0,"27":0,"28":0,"29":0,"30":0,"31":0,"32":0,"33":0,"34":0},"f":{"0":0,"1":0,"2":0,"3":0,"4":0,"5":0,"6":0},"b":{"0":[0],"1":[0,0]}}
,"D:\\work\\interview-pt-vesperia-global-merdeka\\frontend\\src\\presentation\\pages\\DetailKerugianPage.jsx": {"path":"D:\\work\\interview-pt-vesperia-global-merdeka\\frontend\\src\\presentation\\pages\\DetailKerugianPage.jsx","statementMap":{"0":{"start":{"line":6,"column":27},"end":{"line":62,"column":1}},"1":{"start":{"line":15,"column":6},"end":{"line":15,"column":25}},"2":{"start":{"line":17,"column":23},"end":{"line":20,"column":3}},"3":{"start":{"line":18,"column":4},"end":{"line":18,"column":23}},"4":{"start":{"line":19,"column":4},"end":{"line":19,"column":17}},"5":{"start":{"line":22,"column":2},"end":{"line":28,"column":3}},"6":{"start":{"line":23,"column":4},"end":{"line":27,"column":6}},"7":{"start":{"line":30,"column":2},"end":{"line":36,"column":3}},"8":{"start":{"line":31,"column":4},"end":{"line":35,"column":6}},"9":{"start":{"line":38,"column":2},"end":{"line":61,"column":4}},"10":{"start":{"line":46,"column":10},"end":{"line":51,"column":12}}},"fnMap":{"0":{"name":"(anonymous_0)","decl":{"start":{"line":6,"column":27},"end":{"line":6,"column":28}},"loc":{"start":{"line":6,"column":33},"end":{"line":62,"column":1}},"line":6},"1":{"name":"(anonymous_1)","decl":{"start":{"line":17,"column":23},"end":{"line":17,"column":24}},"loc":{"start":{"line":17,"column":30},"end":{"line":20,"column":3}},"line":17},"2":{"name":"(anonymous_2)","decl":{"start":{"line":45,"column":30},"end":{"line":45,"column":31}},"loc":{"start":{"line":46,"column":10},"end":{"line":51,"column":12}},"line":46}},"branchMap":{"0":{"loc":{"start":{"line":22,"column":2},"end":{"line":28,"column":3}},"type":"if","locations":[{"start":{"line":22,"column":2},"end":{"line":28,"column":3}},{"start":{},"end":{}}],"line":22},"1":{"loc":{"start":{"line":30,"column":2},"end":{"line":36,"column":3}},"type":"if","locations":[{"start":{"line":30,"column":2},"end":{"line":36,"column":3}},{"start":{},"end":{}}],"line":30},"2":{"loc":{"start":{"line":56,"column":13},"end":{"line":56,"column":51}},"type":"cond-expr","locations":[{"start":{"line":56,"column":26},"end":{"line":56,"column":40}},{"start":{"line":56,"column":43},"end":{"line":56,"column":51}}],"line":56}},"s":{"0":0,"1":0,"2":0,"3":0,"4":0,"5":0,"6":0,"7":0,"8":0,"9":0,"10":0},"f":{"0":0,"1":0,"2":0},"b":{"0":[0,0],"1":[0,0],"2":[0,0]}}
,"D:\\work\\interview-pt-vesperia-global-merdeka\\frontend\\src\\presentation\\pages\\FormPage.jsx": {"path":"D:\\work\\interview-pt-vesperia-global-merdeka\\frontend\\src\\presentation\\pages\\FormPage.jsx","statementMap":{"0":{"start":{"line":6,"column":17},"end":{"line":62,"column":1}},"1":{"start":{"line":15,"column":6},"end":{"line":15,"column":25}},"2":{"start":{"line":17,"column":23},"end":{"line":20,"column":3}},"3":{"start":{"line":18,"column":4},"end":{"line":18,"column":23}},"4":{"start":{"line":19,"column":4},"end":{"line":19,"column":17}},"5":{"start":{"line":22,"column":2},"end":{"line":28,"column":3}},"6":{"start":{"line":23,"column":4},"end":{"line":27,"column":6}},"7":{"start":{"line":30,"column":2},"end":{"line":36,"column":3}},"8":{"start":{"line":31,"column":4},"end":{"line":35,"column":6}},"9":{"start":{"line":38,"column":2},"end":{"line":61,"column":4}},"10":{"start":{"line":46,"column":10},"end":{"line":51,"column":12}}},"fnMap":{"0":{"name":"(anonymous_0)","decl":{"start":{"line":6,"column":17},"end":{"line":6,"column":18}},"loc":{"start":{"line":6,"column":23},"end":{"line":62,"column":1}},"line":6},"1":{"name":"(anonymous_1)","decl":{"start":{"line":17,"column":23},"end":{"line":17,"column":24}},"loc":{"start":{"line":17,"column":30},"end":{"line":20,"column":3}},"line":17},"2":{"name":"(anonymous_2)","decl":{"start":{"line":45,"column":30},"end":{"line":45,"column":31}},"loc":{"start":{"line":46,"column":10},"end":{"line":51,"column":12}},"line":46}},"branchMap":{"0":{"loc":{"start":{"line":22,"column":2},"end":{"line":28,"column":3}},"type":"if","locations":[{"start":{"line":22,"column":2},"end":{"line":28,"column":3}},{"start":{},"end":{}}],"line":22},"1":{"loc":{"start":{"line":30,"column":2},"end":{"line":36,"column":3}},"type":"if","locations":[{"start":{"line":30,"column":2},"end":{"line":36,"column":3}},{"start":{},"end":{}}],"line":30},"2":{"loc":{"start":{"line":56,"column":13},"end":{"line":56,"column":51}},"type":"cond-expr","locations":[{"start":{"line":56,"column":26},"end":{"line":56,"column":40}},{"start":{"line":56,"column":43},"end":{"line":56,"column":51}}],"line":56}},"s":{"0":0,"1":0,"2":0,"3":0,"4":0,"5":0,"6":0,"7":0,"8":0,"9":0,"10":0},"f":{"0":0,"1":0,"2":0},"b":{"0":[0,0],"1":[0,0],"2":[0,0]}}
,"D:\\work\\interview-pt-vesperia-global-merdeka\\frontend\\src\\shared\\constants.jsx": {"path":"D:\\work\\interview-pt-vesperia-global-merdeka\\frontend\\src\\shared\\constants.jsx","statementMap":{"0":{"start":{"line":1,"column":27},"end":{"line":5,"column":1}},"1":{"start":{"line":7,"column":31},"end":{"line":9,"column":1}},"2":{"start":{"line":11,"column":29},"end":{"line":14,"column":1}},"3":{"start":{"line":16,"column":26},"end":{"line":19,"column":1}}},"fnMap":{},"branchMap":{},"s":{"0":0,"1":0,"2":0,"3":0},"f":{},"b":{}}
,"D:\\work\\interview-pt-vesperia-global-merdeka\\frontend\\src\\shared\\utils.jsx": {"path":"D:\\work\\interview-pt-vesperia-global-merdeka\\frontend\\src\\shared\\utils.jsx","statementMap":{"0":{"start":{"line":1,"column":26},"end":{"line":6,"column":1}},"1":{"start":{"line":2,"column":2},"end":{"line":2,"column":29}},"2":{"start":{"line":2,"column":19},"end":{"line":2,"column":29}},"3":{"start":{"line":4,"column":15},"end":{"line":4,"column":35}},"4":{"start":{"line":5,"column":2},"end":{"line":5,"column":42}},"5":{"start":{"line":8,"column":28},"end":{"line":23,"column":1}},"6":{"start":{"line":9,"column":17},"end":{"line":9,"column":19}},"7":{"start":{"line":11,"column":2},"end":{"line":17,"column":5}},"8":{"start":{"line":12,"column":18},"end":{"line":12,"column":38}},"9":{"start":{"line":14,"column":4},"end":{"line":16,"column":5}},"10":{"start":{"line":15,"column":6},"end":{"line":15,"column":54}},"11":{"start":{"line":19,"column":2},"end":{"line":22,"column":4}},"12":{"start":{"line":25,"column":26},"end":{"line":27,"column":1}},"13":{"start":{"line":26,"column":2},"end":{"line":26,"column":72}}},"fnMap":{"0":{"name":"(anonymous_0)","decl":{"start":{"line":1,"column":26},"end":{"line":1,"column":27}},"loc":{"start":{"line":1,"column":42},"end":{"line":6,"column":1}},"line":1},"1":{"name":"(anonymous_1)","decl":{"start":{"line":8,"column":28},"end":{"line":8,"column":29}},"loc":{"start":{"line":8,"column":56},"end":{"line":23,"column":1}},"line":8},"2":{"name":"(anonymous_2)","decl":{"start":{"line":11,"column":21},"end":{"line":11,"column":22}},"loc":{"start":{"line":11,"column":32},"end":{"line":17,"column":3}},"line":11},"3":{"name":"(anonymous_3)","decl":{"start":{"line":25,"column":26},"end":{"line":25,"column":27}},"loc":{"start":{"line":25,"column":32},"end":{"line":27,"column":1}},"line":25}},"branchMap":{"0":{"loc":{"start":{"line":2,"column":2},"end":{"line":2,"column":29}},"type":"if","locations":[{"start":{"line":2,"column":2},"end":{"line":2,"column":29}},{"start":{},"end":{}}],"line":2},"1":{"loc":{"start":{"line":14,"column":4},"end":{"line":16,"column":5}},"type":"if","locations":[{"start":{"line":14,"column":4},"end":{"line":16,"column":5}},{"start":{},"end":{}}],"line":14},"2":{"loc":{"start":{"line":14,"column":8},"end":{"line":14,"column":62}},"type":"binary-expr","locations":[{"start":{"line":14,"column":8},"end":{"line":14,"column":14}},{"start":{"line":14,"column":19},"end":{"line":14,"column":39}},{"start":{"line":14,"column":43},"end":{"line":14,"column":61}}],"line":14}},"s":{"0":0,"1":0,"2":0,"3":0,"4":0,"5":0,"6":0,"7":0,"8":0,"9":0,"10":0,"11":0,"12":0,"13":0},"f":{"0":0,"1":0,"2":0,"3":0},"b":{"0":[0,0],"1":[0,0],"2":[0,0,0]}}
}
