TN:
SF:src\App.jsx
FN:8,App
FN:11,(anonymous_1)
FNF:2
FNH:0
FNDA:0,App
FNDA:0,(anonymous_1)
DA:9,0
DA:11,0
DA:12,0
DA:14,0
DA:16,0
DA:18,0
DA:22,0
LF:7
LH:0
BRDA:12,0,0,0
BRDA:12,0,1,0
BRDA:12,0,2,0
BRF:3
BRH:0
end_of_record
TN:
SF:src\main.jsx
FNF:0
FNH:0
DA:5,0
LF:1
LH:0
BRF:0
BRH:0
end_of_record
TN:
SF:src\domain\entities\FormField.jsx
FN:2,(anonymous_0)
FN:20,(anonymous_1)
FN:34,(anonymous_2)
FN:40,(anonymous_3)
FN:41,(anonymous_4)
FNF:5
FNH:0
FNDA:0,(anonymous_0)
FNDA:0,(anonymous_1)
FNDA:0,(anonymous_2)
FNDA:0,(anonymous_3)
FNDA:0,(anonymous_4)
DA:11,0
DA:12,0
DA:13,0
DA:14,0
DA:15,0
DA:16,0
DA:17,0
DA:21,0
DA:35,0
DA:36,0
DA:37,0
DA:41,0
DA:42,0
LF:13
LH:0
BRDA:8,0,0,0
BRDA:9,1,0,0
BRDA:25,2,0,0
BRDA:25,2,1,0
BRDA:27,3,0,0
BRDA:27,3,1,0
BRDA:34,4,0,0
BRF:7
BRH:0
end_of_record
TN:
SF:src\domain\repositories\FormRepository.jsx
FN:2,(anonymous_0)
FN:6,(anonymous_1)
FNF:2
FNH:0
FNDA:0,(anonymous_0)
FNDA:0,(anonymous_1)
DA:3,0
DA:7,0
LF:2
LH:0
BRF:0
BRH:0
end_of_record
TN:
SF:src\infrastructure\api\FormApi.jsx
FN:2,(anonymous_0)
FN:200,(anonymous_1)
FN:201,(anonymous_2)
FN:202,(anonymous_3)
FN:212,(anonymous_4)
FN:213,(anonymous_5)
FN:214,(anonymous_6)
FNF:7
FNH:0
FNDA:0,(anonymous_0)
FNDA:0,(anonymous_1)
FNDA:0,(anonymous_2)
FNDA:0,(anonymous_3)
FNDA:0,(anonymous_4)
FNDA:0,(anonymous_5)
FNDA:0,(anonymous_6)
DA:3,0
DA:102,0
DA:201,0
DA:202,0
DA:203,0
DA:204,0
DA:206,0
DA:213,0
DA:214,0
DA:215,0
LF:10
LH:0
BRDA:200,0,0,0
BRDA:203,1,0,0
BRDA:203,1,1,0
BRF:3
BRH:0
end_of_record
TN:
SF:src\infrastructure\repositories\FormRepositoryImpl.jsx
FN:6,(anonymous_0)
FN:11,(anonymous_1)
FN:20,(anonymous_2)
FNF:3
FNH:0
FNDA:0,(anonymous_0)
FNDA:0,(anonymous_1)
FNDA:0,(anonymous_2)
DA:7,0
DA:8,0
DA:12,0
DA:13,0
DA:14,0
DA:16,0
DA:21,0
DA:22,0
DA:24,0
LF:9
LH:0
BRDA:11,0,0,0
BRF:1
BRH:0
end_of_record
TN:
SF:src\presentation\components\FormInput.jsx
FN:3,(anonymous_0)
FN:5,(anonymous_1)
FN:9,(anonymous_2)
FN:11,(anonymous_3)
FN:15,(anonymous_4)
FN:24,(anonymous_5)
FN:28,(anonymous_6)
FN:35,(anonymous_7)
FN:40,(anonymous_8)
FN:46,(anonymous_9)
FN:48,(anonymous_10)
FN:55,(anonymous_11)
FN:65,(anonymous_12)
FN:71,(anonymous_13)
FN:78,(anonymous_14)
FN:87,(anonymous_15)
FN:124,(anonymous_16)
FNF:17
FNH:16
FNDA:11,(anonymous_0)
FNDA:1,(anonymous_1)
FNDA:2,(anonymous_2)
FNDA:1,(anonymous_3)
FNDA:0,(anonymous_4)
FNDA:1,(anonymous_5)
FNDA:4,(anonymous_6)
FNDA:1,(anonymous_7)
FNDA:3,(anonymous_8)
FNDA:9,(anonymous_9)
FNDA:3,(anonymous_10)
FNDA:2,(anonymous_11)
FNDA:2,(anonymous_12)
FNDA:4,(anonymous_13)
FNDA:1,(anonymous_14)
FNDA:5,(anonymous_15)
FNDA:1,(anonymous_16)
DA:3,1
DA:5,11
DA:6,1
DA:9,11
DA:10,2
DA:11,2
DA:13,2
DA:15,0
DA:16,0
DA:19,2
DA:20,2
DA:24,11
DA:25,1
DA:28,11
DA:29,4
DA:31,3
DA:32,3
DA:35,11
DA:36,1
DA:37,1
DA:40,11
DA:41,3
DA:48,9
DA:49,9
DA:55,2
DA:65,11
DA:66,2
DA:72,4
DA:78,1
DA:87,11
DA:88,5
DA:89,5
DA:90,5
DA:92,5
DA:93,1
DA:94,4
DA:95,2
DA:96,2
DA:99,5
DA:124,11
DA:125,1
DA:140,11
DA:142,3
DA:144,2
DA:146,5
DA:148,1
DA:150,0
LF:47
LH:44
BRDA:10,0,0,2
BRDA:10,0,1,0
BRDA:13,1,0,0
BRDA:13,1,1,2
BRDA:29,2,0,1
BRDA:29,2,1,3
BRDA:45,3,0,3
BRDA:45,3,1,3
BRDA:48,4,0,9
BRDA:48,4,1,9
BRDA:70,5,0,2
BRDA:70,5,1,2
BRDA:77,6,0,4
BRDA:77,6,1,4
BRDA:77,6,2,0
BRDA:89,7,0,5
BRDA:89,7,1,3
BRDA:92,8,0,1
BRDA:92,8,1,4
BRDA:94,9,0,2
BRDA:94,9,1,2
BRDA:95,10,0,2
BRDA:95,10,1,1
BRDA:112,11,0,2
BRDA:112,11,1,3
BRDA:115,12,0,5
BRDA:115,12,1,2
BRDA:117,13,0,2
BRDA:117,13,1,1
BRDA:134,14,0,1
BRDA:134,14,1,1
BRDA:140,15,0,3
BRDA:140,15,1,2
BRDA:140,15,2,5
BRDA:140,15,3,1
BRDA:140,15,4,0
BRF:36
BRH:32
end_of_record
TN:
SF:src\presentation\components\Navigation.jsx
FN:4,(anonymous_0)
FN:19,(anonymous_1)
FN:25,(anonymous_2)
FNF:3
FNH:3
FNDA:3,(anonymous_0)
FNDA:6,(anonymous_1)
FNDA:1,(anonymous_2)
DA:4,1
DA:5,3
DA:14,3
DA:20,6
DA:25,1
LF:5
LH:5
BRDA:23,0,0,3
BRDA:23,0,1,3
BRF:2
BRH:2
end_of_record
TN:
SF:src\presentation\hooks\useForm.jsx
FN:5,(anonymous_0)
FN:14,(anonymous_1)
FN:18,(anonymous_2)
FN:25,(anonymous_3)
FN:40,(anonymous_4)
FN:41,(anonymous_5)
FN:47,(anonymous_6)
FNF:7
FNH:0
FNDA:0,(anonymous_0)
FNDA:0,(anonymous_1)
FNDA:0,(anonymous_2)
FNDA:0,(anonymous_3)
FNDA:0,(anonymous_4)
FNDA:0,(anonymous_5)
FNDA:0,(anonymous_6)
DA:5,0
DA:6,0
DA:7,0
DA:8,0
DA:9,0
DA:10,0
DA:12,0
DA:14,0
DA:15,0
DA:18,0
DA:19,0
DA:20,0
DA:21,0
DA:22,0
DA:24,0
DA:25,0
DA:26,0
DA:27,0
DA:29,0
DA:32,0
DA:34,0
DA:36,0
DA:40,0
DA:41,0
DA:47,0
DA:48,0
DA:49,0
DA:50,0
DA:54,0
DA:55,0
DA:57,0
DA:58,0
DA:60,0
DA:64,0
LF:34
LH:0
BRDA:5,0,0,0
BRDA:26,1,0,0
BRDA:26,1,1,0
BRF:3
BRH:0
end_of_record
TN:
SF:src\presentation\pages\DetailKerugianPage.jsx
FN:6,(anonymous_0)
FN:17,(anonymous_1)
FN:45,(anonymous_2)
FNF:3
FNH:0
FNDA:0,(anonymous_0)
FNDA:0,(anonymous_1)
FNDA:0,(anonymous_2)
DA:6,0
DA:15,0
DA:17,0
DA:18,0
DA:19,0
DA:22,0
DA:23,0
DA:30,0
DA:31,0
DA:38,0
DA:46,0
LF:11
LH:0
BRDA:22,0,0,0
BRDA:22,0,1,0
BRDA:30,1,0,0
BRDA:30,1,1,0
BRDA:56,2,0,0
BRDA:56,2,1,0
BRF:6
BRH:0
end_of_record
TN:
SF:src\presentation\pages\FormPage.jsx
FN:6,(anonymous_0)
FN:17,(anonymous_1)
FN:45,(anonymous_2)
FNF:3
FNH:0
FNDA:0,(anonymous_0)
FNDA:0,(anonymous_1)
FNDA:0,(anonymous_2)
DA:6,0
DA:15,0
DA:17,0
DA:18,0
DA:19,0
DA:22,0
DA:23,0
DA:30,0
DA:31,0
DA:38,0
DA:46,0
LF:11
LH:0
BRDA:22,0,0,0
BRDA:22,0,1,0
BRDA:30,1,0,0
BRDA:30,1,1,0
BRDA:56,2,0,0
BRDA:56,2,1,0
BRF:6
BRH:0
end_of_record
TN:
SF:src\shared\constants.jsx
FNF:0
FNH:0
DA:1,0
DA:7,0
DA:11,0
DA:16,0
LF:4
LH:0
BRF:0
BRH:0
end_of_record
TN:
SF:src\shared\utils.jsx
FN:1,(anonymous_0)
FN:8,(anonymous_1)
FN:11,(anonymous_2)
FN:25,(anonymous_3)
FNF:4
FNH:0
FNDA:0,(anonymous_0)
FNDA:0,(anonymous_1)
FNDA:0,(anonymous_2)
FNDA:0,(anonymous_3)
DA:1,0
DA:2,0
DA:4,0
DA:5,0
DA:8,0
DA:9,0
DA:11,0
DA:12,0
DA:14,0
DA:15,0
DA:19,0
DA:25,0
DA:26,0
LF:13
LH:0
BRDA:2,0,0,0
BRDA:2,0,1,0
BRDA:14,1,0,0
BRDA:14,1,1,0
BRDA:14,2,0,0
BRDA:14,2,1,0
BRDA:14,2,2,0
BRF:7
BRH:0
end_of_record
